INFO   - 2023-10-05 17:33:52,836 в строке  68 функция "get_area()" : Площадь Rectangle(7.3,7.3) равна 53.29
INFO   - 2023-10-05 17:33:52,836 в строке  68 функция "get_area()" : Площадь Rectangle(5.6,10.2) равна 57.11999999999999
INFO   - 2023-10-05 17:33:52,837 в строке  68 функция "get_area()" : Площадь Rectangle(7.3,7.3) равна 53.29
INFO   - 2023-10-05 17:33:52,837 в строке  68 функция "get_area()" : Площадь Rectangle(5.6,10.2) равна 57.11999999999999
INFO   - 2023-10-05 17:33:52,837 в строке  68 функция "get_area()" : Площадь Rectangle(7.3,7.3) равна 53.29
INFO   - 2023-10-05 17:33:52,837 в строке  68 функция "get_area()" : Площадь Rectangle(5.6,10.2) равна 57.11999999999999
INFO   - 2023-10-05 17:33:52,847 в строке 102 функция "__eq__()" : Rectangle(7.3,7.3) != Rectangle(5.6,10.2)
INFO   - 2023-10-05 17:33:52,847 в строке  68 функция "get_area()" : Площадь Rectangle(7.3,7.3) равна 53.29
INFO   - 2023-10-05 17:33:52,847 в строке  68 функция "get_area()" : Площадь Rectangle(5.6,10.2) равна 57.11999999999999
INFO   - 2023-10-05 17:33:52,847 в строке  68 функция "get_area()" : Площадь Rectangle(7.3,7.3) равна 53.29
INFO   - 2023-10-05 17:33:52,847 в строке  68 функция "get_area()" : Площадь Rectangle(5.6,10.2) равна 57.11999999999999
INFO   - 2023-10-05 17:33:52,847 в строке  68 функция "get_area()" : Площадь Rectangle(7.3,7.3) равна 53.29
INFO   - 2023-10-05 17:33:52,847 в строке  68 функция "get_area()" : Площадь Rectangle(5.6,10.2) равна 57.11999999999999
INFO   - 2023-10-05 17:33:52,848 в строке  68 функция "get_area()" : Площадь Rectangle(7.3,7.3) равна 53.29
INFO   - 2023-10-05 17:33:52,848 в строке  68 функция "get_area()" : Площадь Rectangle(5.6,10.2) равна 57.11999999999999
INFO   - 2023-10-05 17:33:52,848 в строке  68 функция "get_area()" : Площадь Rectangle(7.3,7.3) равна 53.29
INFO   - 2023-10-05 17:33:52,848 в строке  68 функция "get_area()" : Площадь Rectangle(5.6,10.2) равна 57.11999999999999
INFO   - 2023-10-05 17:33:52,848 в строке 121 функция "__gt__()" : Rectangle(7.3,7.3) < Rectangle(5.6,10.2)
INFO   - 2023-10-05 17:33:52,848 в строке  68 функция "get_area()" : Площадь Rectangle(7.3,7.3) равна 53.29
INFO   - 2023-10-05 17:33:52,848 в строке  68 функция "get_area()" : Площадь Rectangle(5.6,10.2) равна 57.11999999999999
INFO   - 2023-10-05 17:33:52,848 в строке  68 функция "get_area()" : Площадь Rectangle(7.3,7.3) равна 53.29
INFO   - 2023-10-05 17:33:52,848 в строке  68 функция "get_area()" : Площадь Rectangle(5.6,10.2) равна 57.11999999999999
INFO   - 2023-10-05 17:33:52,849 в строке  68 функция "get_area()" : Площадь Rectangle(7.3,7.3) равна 53.29
INFO   - 2023-10-05 17:33:52,849 в строке  68 функция "get_area()" : Площадь Rectangle(5.6,10.2) равна 57.11999999999999
INFO   - 2023-10-05 17:33:52,849 в строке 154 функция "__le__()" : Rectangle(7.3,7.3) <= Rectangle(5.6,10.2)
INFO   - 2023-10-05 17:33:52,849 в строке  68 функция "get_area()" : Площадь Rectangle(7.3,7.3) равна 53.29
INFO   - 2023-10-05 17:33:52,849 в строке  68 функция "get_area()" : Площадь Rectangle(5.6,10.2) равна 57.11999999999999
INFO   - 2023-10-05 17:33:52,849 в строке  68 функция "get_area()" : Площадь Rectangle(7.3,7.3) равна 53.29
INFO   - 2023-10-05 17:33:52,849 в строке  68 функция "get_area()" : Площадь Rectangle(5.6,10.2) равна 57.11999999999999
INFO   - 2023-10-05 17:33:52,849 в строке  68 функция "get_area()" : Площадь Rectangle(7.3,7.3) равна 53.29
INFO   - 2023-10-05 17:33:52,849 в строке  68 функция "get_area()" : Площадь Rectangle(5.6,10.2) равна 57.11999999999999
INFO   - 2023-10-05 17:33:52,849 в строке 143 функция "__lt__()" : Rectangle(7.3,7.3) < Rectangle(5.6,10.2)
INFO   - 2023-10-05 17:33:52,849 в строке  68 функция "get_area()" : Площадь Rectangle(7.3,7.3) равна 53.29
INFO   - 2023-10-05 17:33:52,849 в строке  68 функция "get_area()" : Площадь Rectangle(5.6,10.2) равна 57.11999999999999
INFO   - 2023-10-05 17:33:52,849 в строке  68 функция "get_area()" : Площадь Rectangle(7.3,7.3) равна 53.29
INFO   - 2023-10-05 17:33:52,850 в строке  68 функция "get_area()" : Площадь Rectangle(5.6,10.2) равна 57.11999999999999
INFO   - 2023-10-05 17:33:52,850 в строке  68 функция "get_area()" : Площадь Rectangle(7.3,7.3) равна 53.29
INFO   - 2023-10-05 17:33:52,850 в строке  68 функция "get_area()" : Площадь Rectangle(5.6,10.2) равна 57.11999999999999
INFO   - 2023-10-05 17:33:52,850 в строке 132 функция "__ge__()" : Rectangle(7.3,7.3) < Rectangle(5.6,10.2)
INFO   - 2023-10-05 17:33:52,850 в строке  68 функция "get_area()" : Площадь Rectangle(7.3,7.3) равна 53.29
INFO   - 2023-10-05 17:33:52,850 в строке  68 функция "get_area()" : Площадь Rectangle(5.6,10.2) равна 57.11999999999999
ERROR  - 2023-10-05 17:33:52,851 в строке  28 функция "__str__()" : Ошибка ввода: сторона имеет невалидное  значение = -7
